videomodule/build/intermediates/manifest_merge_blame_file/debug/manifest-merger-blame-debug-report.txt
1<?xml version="1.0" encoding="utf-8"?>
2<manifest xmlns:android="http://schemas.android.com/apk/res/android"
3    package="com.bw.videomodule"
4    android:versionCode="1"
5    android:versionName="1.0" >
6
7    <uses-sdk
8        android:minSdkVersion="26"
8-->src\main\AndroidManifest.xml
9        android:targetSdkVersion="27" />
9-->src\main\AndroidManifest.xml
10
11    <uses-permission android:name="android.permission.CAMERA" />
11-->[:mvplibrary] AndroidManifest.xml:11:5-65
11-->[:mvplibrary] AndroidManifest.xml:11:22-62
12    <uses-permission android:name="android.permission.ACCESS_COARSE_LOCATION" /> <!-- 用于访问GPS定位 -->
12-->[:mvplibrary] AndroidManifest.xml:12:5-81
12-->[:mvplibrary] AndroidManifest.xml:12:22-78
13    <uses-permission android:name="android.permission.ACCESS_FINE_LOCATION" /> <!-- 获取运营商信息，用于支持提供运营商信息相关的接口 -->
13-->[:mvplibrary] AndroidManifest.xml:13:5-79
13-->[:mvplibrary] AndroidManifest.xml:13:22-76
14    <uses-permission android:name="android.permission.ACCESS_NETWORK_STATE" /> <!-- 用于访问wifi网络信息，wifi信息会用于进行网络定位 -->
14-->[:mvplibrary] AndroidManifest.xml:14:5-79
14-->[:mvplibrary] AndroidManifest.xml:14:22-76
15    <uses-permission android:name="android.permission.ACCESS_WIFI_STATE" /> <!-- 这个权限用于获取wifi的获取权限，wifi信息会用来进行网络定位 -->
15-->[:mvplibrary] AndroidManifest.xml:15:5-76
15-->[:mvplibrary] AndroidManifest.xml:15:22-73
16    <uses-permission android:name="android.permission.CHANGE_WIFI_STATE" /> <!-- 用于访问网络，网络定位需要上网 -->
16-->[:mvplibrary] AndroidManifest.xml:16:5-76
16-->[:mvplibrary] AndroidManifest.xml:16:22-73
17    <uses-permission android:name="android.permission.INTERNET" /> <!-- 用于读取手机当前的状态 -->
17-->[:mvplibrary] AndroidManifest.xml:17:5-67
17-->[:mvplibrary] AndroidManifest.xml:17:22-64
18    <uses-permission android:name="android.permission.READ_PHONE_STATE" /> <!-- 写入扩展存储，向扩展卡写入数据，用于写入缓存定位数据 -->
18-->[:mvplibrary] AndroidManifest.xml:18:5-75
18-->[:mvplibrary] AndroidManifest.xml:18:22-72
19    <uses-permission android:name="android.permission.WRITE_EXTERNAL_STORAGE" /> <!-- 用于申请调用A-GPS模块 -->
19-->[:mvplibrary] AndroidManifest.xml:19:5-81
19-->[:mvplibrary] AndroidManifest.xml:19:22-78
20    <uses-permission android:name="android.permission.ACCESS_LOCATION_EXTRA_COMMANDS" /> <!-- 用于申请获取蓝牙信息进行室内定位 -->
20-->[:mvplibrary] AndroidManifest.xml:20:5-89
20-->[:mvplibrary] AndroidManifest.xml:20:22-86
21    <uses-permission android:name="android.permission.BLUETOOTH" />
21-->[:mvplibrary] AndroidManifest.xml:21:5-68
21-->[:mvplibrary] AndroidManifest.xml:21:22-65
22    <uses-permission android:name="android.permission.BLUETOOTH_ADMIN" />
22-->[:mvplibrary] AndroidManifest.xml:22:5-74
22-->[:mvplibrary] AndroidManifest.xml:22:22-71
23    <uses-permission android:name="android.permission.ACCESS_NETWORK_STATE" />
23-->[:mvplibrary] AndroidManifest.xml:14:5-79
23-->[:mvplibrary] AndroidManifest.xml:14:22-76
24    <uses-permission android:name="android.permission.ACCESS_NETWORK_STATE" />
24-->[:mvplibrary] AndroidManifest.xml:14:5-79
24-->[:mvplibrary] AndroidManifest.xml:14:22-76
25    <uses-permission android:name="android.permission.VIBRATE" />
25-->[:mvplibrary] AndroidManifest.xml:25:5-66
25-->[:mvplibrary] AndroidManifest.xml:25:22-63
26    <uses-permission android:name="android.permission.ACCEPT_HANDOVER" />
26-->[:mvplibrary] AndroidManifest.xml:26:5-74
26-->[:mvplibrary] AndroidManifest.xml:26:22-71
27    <uses-permission android:name="android.permission.INTERNET" />
27-->[:mvplibrary] AndroidManifest.xml:17:5-67
27-->[:mvplibrary] AndroidManifest.xml:17:22-64
28    <uses-permission android:name="android.permission.READ_EXTERNAL_STORAGE" />
28-->[:mvplibrary] AndroidManifest.xml:28:5-80
28-->[:mvplibrary] AndroidManifest.xml:28:22-77
29    <uses-permission android:name="android.permission.WRITE_EXTERNAL_STORAGE" />
29-->[:mvplibrary] AndroidManifest.xml:19:5-81
29-->[:mvplibrary] AndroidManifest.xml:19:22-78
30    <uses-permission android:name="android.permission.ACCESS_WIFI_STATE" />
30-->[:mvplibrary] AndroidManifest.xml:15:5-76
30-->[:mvplibrary] AndroidManifest.xml:15:22-73
31    <uses-permission android:name="android.permission.READ_PHONE_STATE" />
31-->[:mvplibrary] AndroidManifest.xml:18:5-75
31-->[:mvplibrary] AndroidManifest.xml:18:22-72
32    <uses-permission android:name="android.permission.PERMISSIONS_STORAGE" />
32-->[:mvplibrary] AndroidManifest.xml:32:5-78
32-->[:mvplibrary] AndroidManifest.xml:32:22-75
33    <uses-permission android:name="android.permission.ACCESS_NETWORK_STATE" />
33-->[:mvplibrary] AndroidManifest.xml:14:5-79
33-->[:mvplibrary] AndroidManifest.xml:14:22-76
34
35    <application
35-->src\main\AndroidManifest.xml:5:5-19:19
36        android:allowBackup="true"
36-->src\main\AndroidManifest.xml:6:9-35
37        android:appComponentFactory="androidx.core.app.CoreComponentFactory"
37-->[androidx.core:core:1.1.0] AndroidManifest.xml:24:18-86
38        android:debuggable="true"
39        android:icon="@mipmap/ic_launcher"
39-->src\main\AndroidManifest.xml:7:9-43
40        android:label="@string/app_name"
40-->src\main\AndroidManifest.xml:8:9-41
41        android:roundIcon="@mipmap/ic_launcher_round"
41-->src\main\AndroidManifest.xml:9:9-54
42        android:supportsRtl="true"
42-->src\main\AndroidManifest.xml:10:9-35
43        android:testOnly="true"
44        android:theme="@style/AppTheme" >
44-->src\main\AndroidManifest.xml:11:9-40
45        <activity android:name="com.bw.videomodule.view.activity.MainActivity" >
45-->src\main\AndroidManifest.xml:12:9-18:20
45-->src\main\AndroidManifest.xml:12:19-61
46            <intent-filter>
46-->src\main\AndroidManifest.xml:13:13-17:29
47                <action android:name="android.intent.action.MAIN" />
47-->src\main\AndroidManifest.xml:14:17-69
47-->src\main\AndroidManifest.xml:14:25-66
48
49                <category android:name="android.intent.category.LAUNCHER" />
49-->src\main\AndroidManifest.xml:16:17-77
49-->src\main\AndroidManifest.xml:16:27-74
50            </intent-filter>
51        </activity>
52        <activity
52-->[cn.yipianfengye.android:zxing-library:2.2] AndroidManifest.xml:12:9-17:63
53            android:name="com.uuzuche.lib_zxing.activity.CaptureActivity"
53-->[cn.yipianfengye.android:zxing-library:2.2] AndroidManifest.xml:13:13-74
54            android:configChanges="orientation|keyboardHidden"
54-->[cn.yipianfengye.android:zxing-library:2.2] AndroidManifest.xml:14:13-63
55            android:screenOrientation="portrait"
55-->[cn.yipianfengye.android:zxing-library:2.2] AndroidManifest.xml:15:13-49
56            android:theme="@style/Theme.AppCompat.NoActionBar"
56-->[cn.yipianfengye.android:zxing-library:2.2] AndroidManifest.xml:16:13-63
57            android:windowSoftInputMode="stateAlwaysHidden" />
57-->[cn.yipianfengye.android:zxing-library:2.2] AndroidManifest.xml:17:13-60
58    </application>
59
60</manifest>